<?xml version="1.0" encoding="UTF-8"?>
<testng-results skipped="0" failed="0" ignored="0" total="1" passed="1">
  <reporter-output>
  </reporter-output>
  <suite name="Default suite" duration-ms="20171" started-at="2019-12-01T13:25:52 EST" finished-at="2019-12-01T13:26:12 EST">
    <groups>
    </groups>
    <test name="Default test" duration-ms="20171" started-at="2019-12-01T13:25:52 EST" finished-at="2019-12-01T13:26:12 EST">
      <class name="SpicejetWebAutomation.SpicejetAutomation.TestRun">
        <test-method status="PASS" signature="home()[pri:0, instance:SpicejetWebAutomation.SpicejetAutomation.TestRun@3d99d22e]" name="home" duration-ms="20112" started-at="2019-12-01T13:25:52 EST" finished-at="2019-12-01T13:26:12 EST">
          <reporter-output>
          </reporter-output>
        </test-method> <!-- home -->
      </class> <!-- SpicejetWebAutomation.SpicejetAutomation.TestRun -->
    </test> <!-- Default test -->
  </suite> <!-- Default suite -->
</testng-results>
